app/build/intermediates/manifest_merge_blame_file/debug/manifest-merger-blame-debug-report.txt
1<?xml version="1.0" encoding="utf-8"?>
2<manifest xmlns:android="http://schemas.android.com/apk/res/android"
3    package="com.example.a10767.electronic_wardrobe"
4    android:versionCode="1"
5    android:versionName="1.0" >
6
7    <uses-sdk
8        android:minSdkVersion="15"
8-->src\main\AndroidManifest.xml
9        android:targetSdkVersion="26" />
9-->src\main\AndroidManifest.xml
10
11    <!-- 网络权限 -->
12    <uses-permission android:name="android.permission.INTERNET" />
12-->src\main\AndroidManifest.xml:6:5-67
12-->src\main\AndroidManifest.xml:6:22-64
13    <!-- SD卡权限 -->
14    <uses-permission android:name="android.permission.WRITE_EXTERNAL_STORAGE" />
14-->src\main\AndroidManifest.xml:8:5-81
14-->src\main\AndroidManifest.xml:8:22-78
15
16    <application
16-->src\main\AndroidManifest.xml:10:5-100:19
17        android:allowBackup="true"
17-->src\main\AndroidManifest.xml:11:9-35
18        android:debuggable="true"
19        android:icon="@mipmap/ic_launcher"
19-->src\main\AndroidManifest.xml:12:9-43
20        android:label="@string/app_name"
20-->src\main\AndroidManifest.xml:13:9-41
21        android:roundIcon="@mipmap/ic_launcher_round"
21-->src\main\AndroidManifest.xml:14:9-54
22        android:supportsRtl="true"
22-->src\main\AndroidManifest.xml:15:9-35
23        android:theme="@style/AppTheme" >
23-->src\main\AndroidManifest.xml:16:9-40
24        <activity android:name="com.example.a10767.electronic_wardrobe.Login_Register.MainActivity" >
24-->src\main\AndroidManifest.xml:17:9-23:20
24-->src\main\AndroidManifest.xml:17:19-62
25            <intent-filter>
25-->src\main\AndroidManifest.xml:18:13-22:29
26                <action android:name="android.intent.action.MAIN" />
26-->src\main\AndroidManifest.xml:19:17-69
26-->src\main\AndroidManifest.xml:19:25-66
27
28                <category android:name="android.intent.category.LAUNCHER" />
28-->src\main\AndroidManifest.xml:21:17-77
28-->src\main\AndroidManifest.xml:21:27-74
29            </intent-filter>
30        </activity>
31
32        <!-- 活动注册 -->
33        <activity android:name="com.example.a10767.electronic_wardrobe.Login_Register.Register" />
33-->src\main\AndroidManifest.xml:26:9-61
33-->src\main\AndroidManifest.xml:26:19-58
34        <activity android:name="com.example.a10767.electronic_wardrobe.Main_Fragment.MyselfMine" />
34-->src\main\AndroidManifest.xml:27:9-62
34-->src\main\AndroidManifest.xml:27:19-59
35        <activity android:name="com.example.a10767.electronic_wardrobe.Fix_Message.ForgetPassword" />
35-->src\main\AndroidManifest.xml:28:9-64
35-->src\main\AndroidManifest.xml:28:19-61
36        <activity android:name="com.example.a10767.electronic_wardrobe.Fix_Message.ChangePassword" />
36-->src\main\AndroidManifest.xml:29:9-64
36-->src\main\AndroidManifest.xml:29:19-61
37        <activity android:name="com.example.a10767.electronic_wardrobe.Main_Fragment.TheMain" />
37-->src\main\AndroidManifest.xml:30:9-59
37-->src\main\AndroidManifest.xml:30:19-56
38        <activity android:name="com.example.a10767.electronic_wardrobe.Fix_Message.MyselfGender" />
38-->src\main\AndroidManifest.xml:31:9-62
38-->src\main\AndroidManifest.xml:31:19-59
39        <activity android:name="com.example.a10767.electronic_wardrobe.Fix_Message.MyselfUsername" />
39-->src\main\AndroidManifest.xml:32:9-64
39-->src\main\AndroidManifest.xml:32:19-61
40        <activity android:name="com.example.a10767.electronic_wardrobe.Fix_Message.FixPassword" />
40-->src\main\AndroidManifest.xml:33:9-61
40-->src\main\AndroidManifest.xml:33:19-58
41        <activity android:name="com.example.a10767.electronic_wardrobe.Fix_Message.FixPhone" />
41-->src\main\AndroidManifest.xml:34:9-58
41-->src\main\AndroidManifest.xml:34:19-55
42        <activity android:name="com.example.a10767.electronic_wardrobe.Clothes_Message.Clothe_Jacket" />
42-->src\main\AndroidManifest.xml:35:9-67
42-->src\main\AndroidManifest.xml:35:19-64
43        <activity android:name="com.example.a10767.electronic_wardrobe.Clothes_Message.Clothe_Skirt" />
43-->src\main\AndroidManifest.xml:36:9-66
43-->src\main\AndroidManifest.xml:36:19-63
44        <activity android:name="com.example.a10767.electronic_wardrobe.Clothes_Message.Clothe_Pants" />
44-->src\main\AndroidManifest.xml:37:9-66
44-->src\main\AndroidManifest.xml:37:19-63
45        <activity android:name="com.example.a10767.electronic_wardrobe.Clothes_Message.Clothe_Shoe" />
45-->src\main\AndroidManifest.xml:38:9-65
45-->src\main\AndroidManifest.xml:38:19-62
46        <activity android:name="com.example.a10767.electronic_wardrobe.Clothes_Message.Clothe_Suit" />
46-->src\main\AndroidManifest.xml:39:9-65
46-->src\main\AndroidManifest.xml:39:19-62
47        <activity android:name="com.example.a10767.electronic_wardrobe.Clothes_Message.Clothe_Bag" />
47-->src\main\AndroidManifest.xml:40:9-64
47-->src\main\AndroidManifest.xml:40:19-61
48        <activity android:name="com.example.a10767.electronic_wardrobe.Clothes_Message.Clothe_Coat" />
48-->src\main\AndroidManifest.xml:41:9-65
48-->src\main\AndroidManifest.xml:41:19-62
49        <activity android:name="com.example.a10767.electronic_wardrobe.Clothes_Message.Clothe_Cap" />
49-->src\main\AndroidManifest.xml:42:9-64
49-->src\main\AndroidManifest.xml:42:19-61
50        <activity android:name="com.example.a10767.electronic_wardrobe.Clothes_Message.Clothe_Accessories" />
50-->src\main\AndroidManifest.xml:43:9-72
50-->src\main\AndroidManifest.xml:43:19-69
51        <activity android:name="com.example.a10767.electronic_wardrobe.Clothes_Manage.Jacket_Add" />
51-->src\main\AndroidManifest.xml:44:9-63
51-->src\main\AndroidManifest.xml:44:19-60
52        <activity android:name="com.example.a10767.electronic_wardrobe.Clothes_Manage.Skirt_Add" />
52-->src\main\AndroidManifest.xml:45:9-62
52-->src\main\AndroidManifest.xml:45:19-59
53        <activity android:name="com.example.a10767.electronic_wardrobe.Clothes_Manage.Suit_Add" />
53-->src\main\AndroidManifest.xml:46:9-61
53-->src\main\AndroidManifest.xml:46:19-58
54        <activity android:name="com.example.a10767.electronic_wardrobe.Clothes_Manage.Pants_Add" />
54-->src\main\AndroidManifest.xml:47:9-62
54-->src\main\AndroidManifest.xml:47:19-59
55        <activity android:name="com.example.a10767.electronic_wardrobe.Clothes_Manage.Shoe_Add" />
55-->src\main\AndroidManifest.xml:48:9-61
55-->src\main\AndroidManifest.xml:48:19-58
56        <activity android:name="com.example.a10767.electronic_wardrobe.Clothes_Manage.Bag_Add" />
56-->src\main\AndroidManifest.xml:49:9-60
56-->src\main\AndroidManifest.xml:49:19-57
57        <activity android:name="com.example.a10767.electronic_wardrobe.Clothes_Manage.Coat_Add" />
57-->src\main\AndroidManifest.xml:50:9-61
57-->src\main\AndroidManifest.xml:50:19-58
58        <activity android:name="com.example.a10767.electronic_wardrobe.Clothes_Manage.Cap_Add" />
58-->src\main\AndroidManifest.xml:51:9-60
58-->src\main\AndroidManifest.xml:51:19-57
59        <activity android:name="com.example.a10767.electronic_wardrobe.Clothes_Manage.Accessories_Add" />
59-->src\main\AndroidManifest.xml:52:9-68
59-->src\main\AndroidManifest.xml:52:19-65
60        <activity android:name="com.example.a10767.electronic_wardrobe.Clothes_Manage.Clothes_Delete" />
60-->src\main\AndroidManifest.xml:53:9-67
60-->src\main\AndroidManifest.xml:53:19-64
61        <activity android:name="com.example.a10767.electronic_wardrobe.Clothes_Manage.Clothes_Check" />
61-->src\main\AndroidManifest.xml:54:9-66
61-->src\main\AndroidManifest.xml:54:19-63
62        <activity android:name="com.example.a10767.electronic_wardrobe.Clothes_Manage.Clothes_Fix" />
62-->src\main\AndroidManifest.xml:55:9-64
62-->src\main\AndroidManifest.xml:55:19-61
63        <activity android:name="com.example.a10767.electronic_wardrobe.Clothes_Manage.Clothes_Search" />
63-->src\main\AndroidManifest.xml:56:9-67
63-->src\main\AndroidManifest.xml:56:19-64
64        <activity android:name="com.example.a10767.electronic_wardrobe.Mix_Manage.Clothe_Mix" />
64-->src\main\AndroidManifest.xml:57:9-59
64-->src\main\AndroidManifest.xml:57:19-56
65        <activity android:name="com.example.a10767.electronic_wardrobe.Mix_Manage.Frame_All" />
65-->src\main\AndroidManifest.xml:58:9-58
65-->src\main\AndroidManifest.xml:58:19-55
66        <activity android:name="com.example.a10767.electronic_wardrobe.Mix_Manage.Wardrobe_choice" />
66-->src\main\AndroidManifest.xml:59:9-64
66-->src\main\AndroidManifest.xml:59:19-61
67        <activity android:name="com.example.a10767.electronic_wardrobe.Mix_Manage.Mix_Jacket" />
67-->src\main\AndroidManifest.xml:60:9-59
67-->src\main\AndroidManifest.xml:60:19-56
68        <activity android:name="com.example.a10767.electronic_wardrobe.Mix_Manage.Mix_Add" />
68-->src\main\AndroidManifest.xml:61:9-56
68-->src\main\AndroidManifest.xml:61:19-53
69        <activity android:name="com.example.a10767.electronic_wardrobe.Mix_Manage.My_Mix" />
69-->src\main\AndroidManifest.xml:62:9-55
69-->src\main\AndroidManifest.xml:62:19-52
70        <activity android:name="com.example.a10767.electronic_wardrobe.Others_Wardrobe.OthersWardrobe" />
70-->src\main\AndroidManifest.xml:63:9-68
70-->src\main\AndroidManifest.xml:63:19-65
71        <activity android:name="com.example.a10767.electronic_wardrobe.Others_Wardrobe.Others_Add" />
71-->src\main\AndroidManifest.xml:64:9-64
71-->src\main\AndroidManifest.xml:64:19-61
72        <activity android:name="com.example.a10767.electronic_wardrobe.Mix_Manage.Mix_Pants" />
72-->src\main\AndroidManifest.xml:65:9-58
72-->src\main\AndroidManifest.xml:65:19-55
73        <activity android:name="com.example.a10767.electronic_wardrobe.Mix_Manage.Mix_Skirt" />
73-->src\main\AndroidManifest.xml:66:9-58
73-->src\main\AndroidManifest.xml:66:19-55
74        <activity android:name="com.example.a10767.electronic_wardrobe.Mix_Manage.Mix_Shoe" />
74-->src\main\AndroidManifest.xml:67:9-57
74-->src\main\AndroidManifest.xml:67:19-54
75        <activity android:name="com.example.a10767.electronic_wardrobe.Mix_Manage.Mix_Suit" />
75-->src\main\AndroidManifest.xml:68:9-57
75-->src\main\AndroidManifest.xml:68:19-54
76        <activity android:name="com.example.a10767.electronic_wardrobe.Mix_Manage.Mix_Coat" />
76-->src\main\AndroidManifest.xml:69:9-57
76-->src\main\AndroidManifest.xml:69:19-54
77        <!-- 内容提供器的注册 -->
78        <provider
78-->src\main\AndroidManifest.xml:71:9-79:20
79            android:name="android.support.v4.content.FileProvider"
79-->src\main\AndroidManifest.xml:72:13-67
80            android:authorities="myself_mine_head_portrait"
80-->src\main\AndroidManifest.xml:73:13-60
81            android:exported="false"
81-->src\main\AndroidManifest.xml:74:13-37
82            android:grantUriPermissions="true" >
82-->src\main\AndroidManifest.xml:75:13-47
83            <meta-data
83-->src\main\AndroidManifest.xml:76:13-78:54
84                android:name="android.support.FILE_PROVIDER_PATHS"
84-->src\main\AndroidManifest.xml:77:17-67
85                android:resource="@xml/file_paths" />
85-->src\main\AndroidManifest.xml:78:17-51
86        </provider>
87
88        <activity android:name="com.example.a10767.electronic_wardrobe.Mix_Manage.Mix_Cap" />
88-->src\main\AndroidManifest.xml:81:9-56
88-->src\main\AndroidManifest.xml:81:19-53
89        <activity android:name="com.example.a10767.electronic_wardrobe.Others_Wardrobe.Others_Wardrobe_Choice" />
89-->src\main\AndroidManifest.xml:82:9-76
89-->src\main\AndroidManifest.xml:82:19-73
90        <activity android:name="com.example.a10767.electronic_wardrobe.Others_Wardrobe.Main2Activity" />
90-->src\main\AndroidManifest.xml:83:9-67
90-->src\main\AndroidManifest.xml:83:19-64
91        <activity android:name="com.example.a10767.electronic_wardrobe.Others_Wardrobe.Others_Jacket" />
91-->src\main\AndroidManifest.xml:84:9-67
91-->src\main\AndroidManifest.xml:84:19-64
92        <activity android:name="com.example.a10767.electronic_wardrobe.Others_Wardrobe.Others_Skirt" />
92-->src\main\AndroidManifest.xml:85:9-66
92-->src\main\AndroidManifest.xml:85:19-63
93        <activity android:name="com.example.a10767.electronic_wardrobe.Others_Wardrobe.Others_Pants" />
93-->src\main\AndroidManifest.xml:86:9-66
93-->src\main\AndroidManifest.xml:86:19-63
94        <activity android:name="com.example.a10767.electronic_wardrobe.Others_Wardrobe.Others_Shoe" />
94-->src\main\AndroidManifest.xml:87:9-65
94-->src\main\AndroidManifest.xml:87:19-62
95        <activity android:name="com.example.a10767.electronic_wardrobe.Others_Wardrobe.Others_Suit" />
95-->src\main\AndroidManifest.xml:88:9-65
95-->src\main\AndroidManifest.xml:88:19-62
96        <activity android:name="com.example.a10767.electronic_wardrobe.Others_Wardrobe.Others_Coat" />
96-->src\main\AndroidManifest.xml:89:9-65
96-->src\main\AndroidManifest.xml:89:19-62
97        <activity android:name="com.example.a10767.electronic_wardrobe.Others_Wardrobe.Others_Cap" />
97-->src\main\AndroidManifest.xml:90:9-64
97-->src\main\AndroidManifest.xml:90:19-61
98        <activity android:name="com.example.a10767.electronic_wardrobe.Others_Wardrobe.My_Suit" />
98-->src\main\AndroidManifest.xml:91:9-61
98-->src\main\AndroidManifest.xml:91:19-58
99        <activity android:name="com.example.a10767.electronic_wardrobe.Main_Fragment.MyselfCollect" />
99-->src\main\AndroidManifest.xml:92:9-65
99-->src\main\AndroidManifest.xml:92:19-62
100        <activity android:name="com.example.a10767.electronic_wardrobe.Main_Fragment.MyselfCollectSearch" />
100-->src\main\AndroidManifest.xml:93:9-71
100-->src\main\AndroidManifest.xml:93:19-68
101        <activity android:name="com.example.a10767.electronic_wardrobe.Main_Fragment.HeartLayoutActivity" />
101-->src\main\AndroidManifest.xml:94:9-71
101-->src\main\AndroidManifest.xml:94:19-68
102        <activity android:name="com.example.a10767.electronic_wardrobe.Mix_Manage.Mix_Search" />
102-->src\main\AndroidManifest.xml:95:9-59
102-->src\main\AndroidManifest.xml:95:19-56
103        <activity android:name="com.example.a10767.electronic_wardrobe.Mix_Manage.Mix_Check" />
103-->src\main\AndroidManifest.xml:96:9-58
103-->src\main\AndroidManifest.xml:96:19-55
104        <activity android:name="com.example.a10767.electronic_wardrobe.Mix_Manage.Mix_Fix" />
104-->src\main\AndroidManifest.xml:97:9-56
104-->src\main\AndroidManifest.xml:97:19-53
105        <activity android:name="com.example.a10767.electronic_wardrobe.Main_Fragment.HeartFix" />
105-->src\main\AndroidManifest.xml:98:9-60
105-->src\main\AndroidManifest.xml:98:19-57
106        <activity android:name="com.example.a10767.electronic_wardrobe.Mix_Manage.Mix_Delete" />
106-->src\main\AndroidManifest.xml:99:9-68
106-->src\main\AndroidManifest.xml:99:19-56
107
108        <meta-data
108-->[com.android.support:appcompat-v7:26.1.0] AndroidManifest.xml:26:9-28:38
109            android:name="android.support.VERSION"
109-->[com.android.support:appcompat-v7:26.1.0] AndroidManifest.xml:27:13-51
110            android:value="26.1.0" />
110-->[com.android.support:appcompat-v7:26.1.0] AndroidManifest.xml:28:13-35
111        <meta-data
111-->[android.arch.lifecycle:runtime:1.0.0] AndroidManifest.xml:25:9-27:47
112            android:name="android.arch.lifecycle.VERSION"
112-->[android.arch.lifecycle:runtime:1.0.0] AndroidManifest.xml:26:13-58
113            android:value="27.0.0-SNAPSHOT" />
113-->[android.arch.lifecycle:runtime:1.0.0] AndroidManifest.xml:27:13-44
114    </application>
115
116</manifest>